==87039== Memcheck, a memory error detector
==87039== Copyright (C) 2002-2022, and GNU GPL'd, by Julian Seward et al.
==87039== Using Valgrind-3.20.0 and LibVEX; rerun with -h for copyright info
==87039== Command: bin/main_sfml
==87039== Parent PID: 68958
==87039== 
==87039== Warning: noted but unhandled ioctl 0x644f with no size/direction hints.
==87039==    This could cause spurious value errors to appear.
==87039==    See README_MISSING_SYSCALL_OR_IOCTL for guidance on writing a proper wrapper.
==87039== Warning: noted but unhandled ioctl 0x6444 with no size/direction hints.
==87039==    This could cause spurious value errors to appear.
==87039==    See README_MISSING_SYSCALL_OR_IOCTL for guidance on writing a proper wrapper.
==87039== Invalid read of size 32
==87039==    at 0x4DD651D: __wmemcmp_avx2_movbe (memcmp-avx2-movbe.S:415)
==87039==    by 0x4AA279F: compare (char_traits.h:512)
==87039==    by 0x4AA279F: std::__cxx11::basic_string<wchar_t, std::char_traits<wchar_t>, std::allocator<wchar_t> >::compare(wchar_t const*) const (basic_string.tcc:895)
==87039==    by 0x124DCD: bool std::operator==<wchar_t, std::char_traits<wchar_t>, std::allocator<wchar_t> >(std::__cxx11::basic_string<wchar_t, std::char_traits<wchar_t>, std::allocator<wchar_t> > const&, wchar_t const*) (basic_string.h:3601)
==87039==    by 0x124DA5: bool std::operator!=<wchar_t, std::char_traits<wchar_t>, std::allocator<wchar_t> >(std::__cxx11::basic_string<wchar_t, std::char_traits<wchar_t>, std::allocator<wchar_t> > const&, wchar_t const*) (basic_string.h:3680)
==87039==    by 0x1244A7: Button::Button(std::__cxx11::basic_string<wchar_t, std::char_traits<wchar_t>, std::allocator<wchar_t> >, int, int, int, float, sf::Font*, std::function<void ()>, int) (Button.cpp:12)
==87039==    by 0x11FD81: Menu::Menu(int, int, sf::RenderWindow*) (Menu.cpp:27)
==87039==    by 0x10E0A5: sfmlJeu::sfmlJeu() (sfmlJeu.cpp:26)
==87039==    by 0x10DA12: main (main_sfml.cpp:4)
==87039==  Address 0x99f2350 is 0 bytes inside a block of size 20 alloc'd
==87039==    at 0x4842003: operator new(unsigned long) (vg_replace_malloc.c:434)
==87039==    by 0x122D6E: void std::__cxx11::basic_string<wchar_t, std::char_traits<wchar_t>, std::allocator<wchar_t> >::_M_construct<wchar_t const*>(wchar_t const*, wchar_t const*, std::forward_iterator_tag) (basic_string.tcc:225)
==87039==    by 0x122ABF: std::__cxx11::basic_string<wchar_t, std::char_traits<wchar_t>, std::allocator<wchar_t> >::basic_string<std::allocator<wchar_t> >(wchar_t const*, std::allocator<wchar_t> const&) (basic_string.h:642)
==87039==    by 0x11FD4F: Menu::Menu(int, int, sf::RenderWindow*) (Menu.cpp:27)
==87039==    by 0x10E0A5: sfmlJeu::sfmlJeu() (sfmlJeu.cpp:26)
==87039==    by 0x10DA12: main (main_sfml.cpp:4)
==87039== 
{
   <insert_a_suppression_name_here>
   Memcheck:Addr32
   fun:__wmemcmp_avx2_movbe
   fun:compare
   fun:_ZNKSt7__cxx1112basic_stringIwSt11char_traitsIwESaIwEE7compareEPKw
   fun:_ZSteqIwSt11char_traitsIwESaIwEEbRKNSt7__cxx1112basic_stringIT_T0_T1_EEPKS5_
   fun:_ZStneIwSt11char_traitsIwESaIwEEbRKNSt7__cxx1112basic_stringIT_T0_T1_EEPKS5_
   fun:_ZN6ButtonC1ENSt7__cxx1112basic_stringIwSt11char_traitsIwESaIwEEEiiifPN2sf4FontESt8functionIFvvEEi
   fun:_ZN4MenuC1EiiPN2sf12RenderWindowE
   fun:_ZN7sfmlJeuC1Ev
   fun:main
}
==87039== Invalid read of size 32
==87039==    at 0x4DD651D: __wmemcmp_avx2_movbe (memcmp-avx2-movbe.S:415)
==87039==    by 0x4AA279F: compare (char_traits.h:512)
==87039==    by 0x4AA279F: std::__cxx11::basic_string<wchar_t, std::char_traits<wchar_t>, std::allocator<wchar_t> >::compare(wchar_t const*) const (basic_string.tcc:895)
==87039==    by 0x124DCD: bool std::operator==<wchar_t, std::char_traits<wchar_t>, std::allocator<wchar_t> >(std::__cxx11::basic_string<wchar_t, std::char_traits<wchar_t>, std::allocator<wchar_t> > const&, wchar_t const*) (basic_string.h:3601)
==87039==    by 0x1246E8: Button::Button(std::__cxx11::basic_string<wchar_t, std::char_traits<wchar_t>, std::allocator<wchar_t> >, int, int, int, float, sf::Font*, std::function<void ()>, int) (Button.cpp:22)
==87039==    by 0x11FD81: Menu::Menu(int, int, sf::RenderWindow*) (Menu.cpp:27)
==87039==    by 0x10E0A5: sfmlJeu::sfmlJeu() (sfmlJeu.cpp:26)
==87039==    by 0x10DA12: main (main_sfml.cpp:4)
==87039==  Address 0x99f2350 is 0 bytes inside a block of size 20 alloc'd
==87039==    at 0x4842003: operator new(unsigned long) (vg_replace_malloc.c:434)
==87039==    by 0x122D6E: void std::__cxx11::basic_string<wchar_t, std::char_traits<wchar_t>, std::allocator<wchar_t> >::_M_construct<wchar_t const*>(wchar_t const*, wchar_t const*, std::forward_iterator_tag) (basic_string.tcc:225)
==87039==    by 0x122ABF: std::__cxx11::basic_string<wchar_t, std::char_traits<wchar_t>, std::allocator<wchar_t> >::basic_string<std::allocator<wchar_t> >(wchar_t const*, std::allocator<wchar_t> const&) (basic_string.h:642)
==87039==    by 0x11FD4F: Menu::Menu(int, int, sf::RenderWindow*) (Menu.cpp:27)
==87039==    by 0x10E0A5: sfmlJeu::sfmlJeu() (sfmlJeu.cpp:26)
==87039==    by 0x10DA12: main (main_sfml.cpp:4)
==87039== 
{
   <insert_a_suppression_name_here>
   Memcheck:Addr32
   fun:__wmemcmp_avx2_movbe
   fun:compare
   fun:_ZNKSt7__cxx1112basic_stringIwSt11char_traitsIwESaIwEE7compareEPKw
   fun:_ZSteqIwSt11char_traitsIwESaIwEEbRKNSt7__cxx1112basic_stringIT_T0_T1_EEPKS5_
   fun:_ZN6ButtonC1ENSt7__cxx1112basic_stringIwSt11char_traitsIwESaIwEEEiiifPN2sf4FontESt8functionIFvvEEi
   fun:_ZN4MenuC1EiiPN2sf12RenderWindowE
   fun:_ZN7sfmlJeuC1Ev
   fun:main
}
==87039== 
==87039== HEAP SUMMARY:
==87039==     in use at exit: 299,803 bytes in 1,590 blocks
==87039==   total heap usage: 53,373 allocs, 51,783 frees, 1,307,729,349 bytes allocated
==87039== 
==87039== LEAK SUMMARY:
==87039==    definitely lost: 0 bytes in 0 blocks
==87039==    indirectly lost: 728 bytes in 6 blocks
==87039==      possibly lost: 0 bytes in 0 blocks
==87039==    still reachable: 111,841 bytes in 564 blocks
==87039==         suppressed: 187,234 bytes in 1,020 blocks
==87039== Reachable blocks (those to which a pointer was found) are not shown.
==87039== To see them, rerun with: --leak-check=full --show-leak-kinds=all
==87039== 
==87039== For lists of detected and suppressed errors, rerun with: -s
==87039== ERROR SUMMARY: 4 errors from 2 contexts (suppressed: 56 from 20)
